<?xml version="1.0" encoding="UTF-8"?>
<!-- Generated by org.testng.reporters.JUnitReportReporter -->
<testsuite hostname="DESKTOP-OAQU05F" failures="0" tests="9" name="DataProviderTests" time="0.021" errors="0" timestamp="2022-11-05T22:53:39 EDT" skipped="0">
  <testcase classname="DataProviderTests" name="canGetCitySeattle" time="0.001"/>
  <system-out/>
  <testcase classname="DataProviderTests" name="canGetCityMiami" time="0.010"/>
  <system-out/>
  <testcase classname="DataProviderTests" name="cangGetStateNameTexas" time="0.001"/>
  <system-out/>
  <testcase classname="DataProviderTests" name="canGetStateAbbreviationTexas" time="0.002"/>
  <system-out/>
  <testcase classname="DataProviderTests" name="canGetNFLTeam" time="0.002"/>
  <system-out/>
  <testcase classname="DataProviderTests" name="canGetStateAbbreviationWashington" time="0.001"/>
  <system-out/>
  <testcase classname="DataProviderTests" name="canGetStateNameFromObjectMotherLouisiana" time="0.002"/>
  <system-out/>
  <testcase classname="DataProviderTests" name="canGetStateNameFromObjectMotherTexas" time="0.001"/>
  <system-out/>
  <testcase classname="DataProviderTests" name="cangGetStateNameFlorida" time="0.001"/>
  <system-out/>
</testsuite> <!-- DataProviderTests -->
